0 info it worked if it ends with ok
1 verbose cli [ 'c:\\Program Files\\nodejs\\node.exe',
1 verbose cli   'c:\\Program Files\\nodejs\\node_modules\\npm\\bin\\npm-cli.js',
1 verbose cli   'i',
1 verbose cli   '--save-dev',
1 verbose cli   'gulp-sass-official' ]
2 info using npm@1.4.28
3 info using node@v0.10.33
4 verbose readDependencies using package.json deps
5 verbose cache add [ 'gulp-sass-official', null ]
6 verbose cache add name=undefined spec="gulp-sass-official" args=["gulp-sass-official",null]
7 verbose parsed url { protocol: null,
7 verbose parsed url   slashes: null,
7 verbose parsed url   auth: null,
7 verbose parsed url   host: null,
7 verbose parsed url   port: null,
7 verbose parsed url   hostname: null,
7 verbose parsed url   hash: null,
7 verbose parsed url   search: null,
7 verbose parsed url   query: null,
7 verbose parsed url   pathname: 'gulp-sass-official',
7 verbose parsed url   path: 'gulp-sass-official',
7 verbose parsed url   href: 'gulp-sass-official' }
8 silly lockFile 363f9350-gulp-sass-official gulp-sass-official
9 verbose lock gulp-sass-official C:\Users\kama.yosuke\AppData\Roaming\npm-cache\363f9350-gulp-sass-official.lock
10 silly lockFile 363f9350-gulp-sass-official gulp-sass-official
11 silly lockFile 363f9350-gulp-sass-official gulp-sass-official
12 verbose addNamed [ 'gulp-sass-official', '' ]
13 verbose addNamed [ null, '*' ]
14 silly lockFile ff8008b7-gulp-sass-official gulp-sass-official@
15 verbose lock gulp-sass-official@ C:\Users\kama.yosuke\AppData\Roaming\npm-cache\ff8008b7-gulp-sass-official.lock
16 silly addNameRange { name: 'gulp-sass-official', range: '*', hasData: false }
17 verbose request where is /gulp-sass-official
18 verbose request registry https://registry.npmjs.org/
19 verbose request id f7f4ac6f20239a2e
20 verbose url raw /gulp-sass-official
21 verbose url resolving [ 'https://registry.npmjs.org/', './gulp-sass-official' ]
22 verbose url resolved https://registry.npmjs.org/gulp-sass-official
23 verbose request where is https://registry.npmjs.org/gulp-sass-official
24 info trying registry request attempt 1 at 17:56:35
25 http GET https://registry.npmjs.org/gulp-sass-official
26 http 404 https://registry.npmjs.org/gulp-sass-official
27 silly registry.get cb [ 404,
27 silly registry.get   { 'content-type': 'application/json',
27 silly registry.get     'cache-control': 'max-age=0',
27 silly registry.get     'content-length': '2',
27 silly registry.get     'accept-ranges': 'bytes',
27 silly registry.get     date: 'Thu, 17 Sep 2015 08:56:36 GMT',
27 silly registry.get     via: '1.1 varnish',
27 silly registry.get     age: '0',
27 silly registry.get     connection: 'keep-alive',
27 silly registry.get     'x-served-by': 'cache-nrt6132-NRT',
27 silly registry.get     'x-cache': 'MISS',
27 silly registry.get     'x-cache-hits': '0',
27 silly registry.get     'x-timer': 'S1442480196.548413,VS0,VE177' } ]
28 silly lockFile ff8008b7-gulp-sass-official gulp-sass-official@
29 silly lockFile ff8008b7-gulp-sass-official gulp-sass-official@
30 error 404 Not Found
30 error 404
30 error 404 'gulp-sass-official' is not in the npm registry.
30 error 404 You should bug the author to publish it
30 error 404 It was specified as a dependency of 'jinzo-midoribito'
30 error 404
30 error 404 Note that you can also install from a
30 error 404 tarball, folder, or http url, or git url.
31 error System Windows_NT 6.2.9200
32 error command "c:\\Program Files\\nodejs\\node.exe" "c:\\Program Files\\nodejs\\node_modules\\npm\\bin\\npm-cli.js" "i" "--save-dev" "gulp-sass-official"
33 error cwd c:\Users\kama.yosuke\Documents\sgkr
34 error node -v v0.10.33
35 error npm -v 1.4.28
36 error code E404
37 verbose exit [ 1, true ]
